<?xml version="1.0" encoding="UTF-8"?>
<testng-results ignored="0" total="5" passed="5" failed="0" skipped="0">
  <reporter-output>
  </reporter-output>
  <suite started-at="2024-08-12T08:37:24 IST" name="Default suite" finished-at="2024-08-12T08:38:24 IST" duration-ms="60643">
    <groups>
    </groups>
    <test started-at="2024-08-12T08:37:24 IST" name="Default test" finished-at="2024-08-12T08:38:24 IST" duration-ms="60643">
      <class name="TestScript.DealsdryUI">
        <test-method is-config="true" signature="start()[pri:0, instance:TestScript.DealsdryUI@50ad3bc1]" started-at="2024-08-12T08:37:24 IST" name="start" finished-at="2024-08-12T08:37:30 IST" duration-ms="5893" status="PASS">
          <reporter-output>
          </reporter-output>
        </test-method> <!-- start -->
        <test-method signature="deal()[pri:0, instance:TestScript.DealsdryUI@50ad3bc1]" started-at="2024-08-12T08:37:30 IST" name="deal" finished-at="2024-08-12T08:37:37 IST" duration-ms="7501" status="PASS">
          <reporter-output>
          </reporter-output>
        </test-method> <!-- deal -->
        <test-method is-config="true" signature="end()[pri:0, instance:TestScript.DealsdryUI@50ad3bc1]" started-at="2024-08-12T08:37:37 IST" name="end" finished-at="2024-08-12T08:37:38 IST" duration-ms="751" status="PASS">
          <reporter-output>
          </reporter-output>
        </test-method> <!-- end -->
        <test-method is-config="true" signature="start()[pri:0, instance:TestScript.DealsdryUI@50ad3bc1]" started-at="2024-08-12T08:37:38 IST" name="start" finished-at="2024-08-12T08:37:42 IST" duration-ms="4230" status="PASS">
          <reporter-output>
          </reporter-output>
        </test-method> <!-- start -->
        <test-method signature="five()[pri:0, instance:TestScript.DealsdryUI@50ad3bc1]" started-at="2024-08-12T08:37:42 IST" name="five" finished-at="2024-08-12T08:37:48 IST" duration-ms="6297" status="PASS">
          <reporter-output>
          </reporter-output>
        </test-method> <!-- five -->
        <test-method is-config="true" signature="end()[pri:0, instance:TestScript.DealsdryUI@50ad3bc1]" started-at="2024-08-12T08:37:48 IST" name="end" finished-at="2024-08-12T08:37:49 IST" duration-ms="422" status="PASS">
          <reporter-output>
          </reporter-output>
        </test-method> <!-- end -->
        <test-method is-config="true" signature="start()[pri:0, instance:TestScript.DealsdryUI@50ad3bc1]" started-at="2024-08-12T08:37:49 IST" name="start" finished-at="2024-08-12T08:37:52 IST" duration-ms="3714" status="PASS">
          <reporter-output>
          </reporter-output>
        </test-method> <!-- start -->
        <test-method signature="forth()[pri:0, instance:TestScript.DealsdryUI@50ad3bc1]" started-at="2024-08-12T08:37:52 IST" name="forth" finished-at="2024-08-12T08:38:00 IST" duration-ms="7197" status="PASS">
          <reporter-output>
          </reporter-output>
        </test-method> <!-- forth -->
        <test-method is-config="true" signature="end()[pri:0, instance:TestScript.DealsdryUI@50ad3bc1]" started-at="2024-08-12T08:38:00 IST" name="end" finished-at="2024-08-12T08:38:00 IST" duration-ms="301" status="PASS">
          <reporter-output>
          </reporter-output>
        </test-method> <!-- end -->
        <test-method is-config="true" signature="start()[pri:0, instance:TestScript.DealsdryUI@50ad3bc1]" started-at="2024-08-12T08:38:00 IST" name="start" finished-at="2024-08-12T08:38:05 IST" duration-ms="4571" status="PASS">
          <reporter-output>
          </reporter-output>
        </test-method> <!-- start -->
        <test-method signature="second()[pri:0, instance:TestScript.DealsdryUI@50ad3bc1]" started-at="2024-08-12T08:38:05 IST" name="second" finished-at="2024-08-12T08:38:11 IST" duration-ms="6835" status="PASS">
          <reporter-output>
          </reporter-output>
        </test-method> <!-- second -->
        <test-method is-config="true" signature="end()[pri:0, instance:TestScript.DealsdryUI@50ad3bc1]" started-at="2024-08-12T08:38:11 IST" name="end" finished-at="2024-08-12T08:38:12 IST" duration-ms="398" status="PASS">
          <reporter-output>
          </reporter-output>
        </test-method> <!-- end -->
        <test-method is-config="true" signature="start()[pri:0, instance:TestScript.DealsdryUI@50ad3bc1]" started-at="2024-08-12T08:38:12 IST" name="start" finished-at="2024-08-12T08:38:16 IST" duration-ms="3752" status="PASS">
          <reporter-output>
          </reporter-output>
        </test-method> <!-- start -->
        <test-method signature="third()[pri:0, instance:TestScript.DealsdryUI@50ad3bc1]" started-at="2024-08-12T08:38:16 IST" name="third" finished-at="2024-08-12T08:38:24 IST" duration-ms="8133" status="PASS">
          <reporter-output>
          </reporter-output>
        </test-method> <!-- third -->
        <test-method is-config="true" signature="end()[pri:0, instance:TestScript.DealsdryUI@50ad3bc1]" started-at="2024-08-12T08:38:24 IST" name="end" finished-at="2024-08-12T08:38:24 IST" duration-ms="578" status="PASS">
          <reporter-output>
          </reporter-output>
        </test-method> <!-- end -->
      </class> <!-- TestScript.DealsdryUI -->
    </test> <!-- Default test -->
  </suite> <!-- Default suite -->
</testng-results>
