<?xml version="1.0" encoding="UTF-8"?>
<!-- Generated by org.testng.reporters.JUnitXMLReporter -->
<testsuite ignored="0" hostname="Anusha" failures="0" tests="5" name="Default test" time="60.643" errors="0" timestamp="2024-08-12T08:38:24 IST">
  <testcase classname="TestScript.DealsdryUI" name="deal" time="7.501"/>
  <testcase classname="TestScript.DealsdryUI" name="five" time="6.297"/>
  <testcase classname="TestScript.DealsdryUI" name="forth" time="7.197"/>
  <testcase classname="TestScript.DealsdryUI" name="second" time="6.835"/>
  <testcase classname="TestScript.DealsdryUI" name="third" time="8.133"/>
</testsuite> <!-- Default test -->
